{"/home/perfectblue/hexlet-jest/nodejs-package/index.js": {"path":"/home/perfectblue/hexlet-jest/nodejs-package/index.js","statementMap":{},"fnMap":{},"branchMap":{},"s":{},"f":{},"b":{},"_coverageSchema":"1a1c01bbd47fc00a2c39e90264f33305004495a9","hash":"774451a078f01d4010f93ddce0da01f35c6658e4"}
,"/home/perfectblue/hexlet-jest/nodejs-package/src/half.js": {"path":"/home/perfectblue/hexlet-jest/nodejs-package/src/half.js","statementMap":{"0":{"start":{"line":7,"column":17},"end":{"line":7,"column":24}},"1":{"start":{"line":8,"column":2},"end":{"line":8,"column":15}}},"fnMap":{"0":{"name":"(anonymous_0)","decl":{"start":{"line":6,"column":15},"end":{"line":6,"column":16}},"loc":{"start":{"line":6,"column":24},"end":{"line":9,"column":1}},"line":6}},"branchMap":{},"s":{"0":1,"1":1},"f":{"0":1},"b":{},"_coverageSchema":"1a1c01bbd47fc00a2c39e90264f33305004495a9","hash":"7e53f89a29ea0d8c892d107ff4a7a5813036503d"}
,"/home/perfectblue/hexlet-jest/src/index.js": {"path":"/home/perfectblue/hexlet-jest/src/index.js","statementMap":{"0":{"start":{"line":1,"column":22},"end":{"line":1,"column":54}}},"fnMap":{"0":{"name":"(anonymous_0)","decl":{"start":{"line":1,"column":15},"end":{"line":1,"column":16}},"loc":{"start":{"line":1,"column":22},"end":{"line":1,"column":54}},"line":1}},"branchMap":{},"s":{"0":2},"f":{"0":2},"b":{},"_coverageSchema":"1a1c01bbd47fc00a2c39e90264f33305004495a9","hash":"a8cd239691cabc780253b5ae1385ad62c1a9d7df"}
}
